<?xml version="1.0" encoding="UTF-8"?>
<testsuite xmlns:xsi="http://www.w3.org/2001/XMLSchema-instance" xsi:noNamespaceSchemaLocation="https://maven.apache.org/surefire/maven-surefire-plugin/xsd/surefire-test-report.xsd" name="com.vehicle.core.servlets.CarListServletTest" time="0.204" tests="3" errors="0" skipped="0" failures="0">
  <properties>
    <property name="sun.desktop" value="windows"/>
    <property name="awt.toolkit" value="sun.awt.windows.WToolkit"/>
    <property name="java.specification.version" value="11"/>
    <property name="sun.cpu.isalist" value="amd64"/>
    <property name="sun.jnu.encoding" value="Cp1252"/>
    <property name="java.class.path" value="C:\Users\Simona\.m2\repository\org\apache\maven\surefire\surefire-booter\2.22.1\surefire-booter-2.22.1.jar;C:\Users\Simona\.m2\repository\org\apache\maven\surefire\surefire-api\2.22.1\surefire-api-2.22.1.jar;C:\Users\Simona\.m2\repository\org\apache\maven\surefire\surefire-logger-api\2.22.1\surefire-logger-api-2.22.1.jar;D:\GitHub\Vehicles\vehicle\core\target\test-classes;D:\GitHub\Vehicles\vehicle\core\target\classes;C:\Users\Simona\.m2\repository\uk\org\lidalia\slf4j-test\1.0.1\slf4j-test-1.0.1.jar;C:\Users\Simona\.m2\repository\uk\org\lidalia\lidalia-lang\1.0.0\lidalia-lang-1.0.0.jar;C:\Users\Simona\.m2\repository\org\apache\commons\commons-lang3\3.1\commons-lang3-3.1.jar;C:\Users\Simona\.m2\repository\com\google\guava\guava\14.0.1\guava-14.0.1.jar;C:\Users\Simona\.m2\repository\uk\org\lidalia\lidalia-slf4j-ext\1.0.0\lidalia-slf4j-ext-1.0.0.jar;C:\Users\Simona\.m2\repository\joda-time\joda-time\2.2\joda-time-2.2.jar;C:\Users\Simona\.m2\repository\org\osgi\org.osgi.annotation.versioning\1.1.0\org.osgi.annotation.versioning-1.1.0.jar;C:\Users\Simona\.m2\repository\org\osgi\org.osgi.annotation.bundle\1.0.0\org.osgi.annotation.bundle-1.0.0.jar;C:\Users\Simona\.m2\repository\org\osgi\org.osgi.service.metatype.annotations\1.4.0\org.osgi.service.metatype.annotations-1.4.0.jar;C:\Users\Simona\.m2\repository\org\osgi\org.osgi.service.component.annotations\1.4.0\org.osgi.service.component.annotations-1.4.0.jar;C:\Users\Simona\.m2\repository\org\osgi\org.osgi.service.component\1.4.0\org.osgi.service.component-1.4.0.jar;C:\Users\Simona\.m2\repository\org\osgi\org.osgi.service.cm\1.6.0\org.osgi.service.cm-1.6.0.jar;C:\Users\Simona\.m2\repository\org\osgi\org.osgi.service.event\1.3.1\org.osgi.service.event-1.3.1.jar;C:\Users\Simona\.m2\repository\org\osgi\org.osgi.service.log\1.4.0\org.osgi.service.log-1.4.0.jar;C:\Users\Simona\.m2\repository\org\osgi\org.osgi.framework\1.9.0\org.osgi.framework-1.9.0.jar;C:\Users\Simona\.m2\repository\org\osgi\org.osgi.resource\1.0.0\org.osgi.resource-1.0.0.jar;C:\Users\Simona\.m2\repository\org\osgi\org.osgi.util.tracker\1.5.1\org.osgi.util.tracker-1.5.1.jar;C:\Users\Simona\.m2\repository\org\slf4j\slf4j-api\1.7.21\slf4j-api-1.7.21.jar;C:\Users\Simona\.m2\repository\javax\jcr\jcr\2.0\jcr-2.0.jar;C:\Users\Simona\.m2\repository\javax\servlet\javax.servlet-api\3.1.0\javax.servlet-api-3.1.0.jar;C:\Users\Simona\.m2\repository\javax\annotation\javax.annotation-api\1.3.2\javax.annotation-api-1.3.2.jar;C:\Users\Simona\.m2\repository\org\apache\sling\org.apache.sling.servlets.annotations\1.2.4\org.apache.sling.servlets.annotations-1.2.4.jar;C:\Users\Simona\.m2\repository\com\adobe\aem\uber-jar\6.5.9\uber-jar-6.5.9.jar;C:\Users\Simona\.m2\repository\com\adobe\cq\core.wcm.components.core\2.17.12\core.wcm.components.core-2.17.12.jar;C:\Users\Simona\.m2\repository\org\apache\sling\org.apache.sling.models.api\1.3.6\org.apache.sling.models.api-1.3.6.jar;C:\Users\Simona\.m2\repository\org\junit\jupiter\junit-jupiter\5.8.2\junit-jupiter-5.8.2.jar;C:\Users\Simona\.m2\repository\org\junit\jupiter\junit-jupiter-api\5.8.2\junit-jupiter-api-5.8.2.jar;C:\Users\Simona\.m2\repository\org\opentest4j\opentest4j\1.2.0\opentest4j-1.2.0.jar;C:\Users\Simona\.m2\repository\org\junit\platform\junit-platform-commons\1.8.2\junit-platform-commons-1.8.2.jar;C:\Users\Simona\.m2\repository\org\apiguardian\apiguardian-api\1.1.2\apiguardian-api-1.1.2.jar;C:\Users\Simona\.m2\repository\org\junit\jupiter\junit-jupiter-params\5.8.2\junit-jupiter-params-5.8.2.jar;C:\Users\Simona\.m2\repository\org\junit\jupiter\junit-jupiter-engine\5.8.2\junit-jupiter-engine-5.8.2.jar;C:\Users\Simona\.m2\repository\org\junit\platform\junit-platform-engine\1.8.2\junit-platform-engine-1.8.2.jar;C:\Users\Simona\.m2\repository\org\mockito\mockito-core\4.1.0\mockito-core-4.1.0.jar;C:\Users\Simona\.m2\repository\net\bytebuddy\byte-buddy\1.12.1\byte-buddy-1.12.1.jar;C:\Users\Simona\.m2\repository\net\bytebuddy\byte-buddy-agent\1.12.1\byte-buddy-agent-1.12.1.jar;C:\Users\Simona\.m2\repository\org\objenesis\objenesis\3.2\objenesis-3.2.jar;C:\Users\Simona\.m2\repository\org\mockito\mockito-junit-jupiter\4.1.0\mockito-junit-jupiter-4.1.0.jar;C:\Users\Simona\.m2\repository\junit-addons\junit-addons\1.4\junit-addons-1.4.jar;C:\Users\Simona\.m2\repository\junit\junit\3.8.1\junit-3.8.1.jar;C:\Users\Simona\.m2\repository\xerces\xmlParserAPIs\2.6.2\xmlParserAPIs-2.6.2.jar;C:\Users\Simona\.m2\repository\io\wcm\io.wcm.testing.aem-mock.junit5\4.1.8\io.wcm.testing.aem-mock.junit5-4.1.8.jar;C:\Users\Simona\.m2\repository\io\wcm\io.wcm.testing.aem-mock.core\4.1.8\io.wcm.testing.aem-mock.core-4.1.8.jar;C:\Users\Simona\.m2\repository\org\apache\sling\org.apache.sling.api\2.16.4\org.apache.sling.api-2.16.4.jar;C:\Users\Simona\.m2\repository\org\apache\sling\org.apache.sling.commons.osgi\2.4.0\org.apache.sling.commons.osgi-2.4.0.jar;C:\Users\Simona\.m2\repository\org\apache\sling\org.apache.sling.resourceresolver\1.5.34\org.apache.sling.resourceresolver-1.5.34.jar;C:\Users\Simona\.m2\repository\org\apache\sling\org.apache.sling.serviceusermapper\1.3.6\org.apache.sling.serviceusermapper-1.3.6.jar;C:\Users\Simona\.m2\repository\org\apache\sling\org.apache.sling.jcr.api\2.4.0\org.apache.sling.jcr.api-2.4.0.jar;C:\Users\Simona\.m2\repository\org\apache\sling\org.apache.sling.jcr.resource\3.0.8\org.apache.sling.jcr.resource-3.0.8.jar;C:\Users\Simona\.m2\repository\org\apache\sling\org.apache.sling.commons.mime\2.1.10\org.apache.sling.commons.mime-2.1.10.jar;C:\Users\Simona\.m2\repository\org\apache\sling\org.apache.sling.commons.json\2.0.20\org.apache.sling.commons.json-2.0.20.jar;C:\Users\Simona\.m2\repository\org\apache\sling\org.apache.sling.commons.classloader\1.4.2\org.apache.sling.commons.classloader-1.4.2.jar;C:\Users\Simona\.m2\repository\org\apache\sling\org.apache.sling.settings\1.3.8\org.apache.sling.settings-1.3.8.jar;C:\Users\Simona\.m2\repository\org\apache\sling\org.apache.sling.i18n\2.5.10\org.apache.sling.i18n-2.5.10.jar;C:\Users\Simona\.m2\repository\org\apache\sling\org.apache.sling.testing.jcr-mock\1.5.4\org.apache.sling.testing.jcr-mock-1.5.4.jar;C:\Users\Simona\.m2\repository\org\apache\jackrabbit\jackrabbit-api\2.16.0\jackrabbit-api-2.16.0.jar;C:\Users\Simona\.m2\repository\org\apache\commons\commons-collections4\4.1\commons-collections4-4.1.jar;C:\Users\Simona\.m2\repository\org\apache\sling\org.apache.sling.testing.osgi-mock.core\3.2.2\org.apache.sling.testing.osgi-mock.core-3.2.2.jar;C:\Users\Simona\.m2\repository\org\reflections\reflections\0.10.2\reflections-0.10.2.jar;C:\Users\Simona\.m2\repository\org\javassist\javassist\3.28.0-GA\javassist-3.28.0-GA.jar;C:\Users\Simona\.m2\repository\org\apache\sling\org.apache.sling.testing.sling-mock.core\3.2.2\org.apache.sling.testing.sling-mock.core-3.2.2.jar;C:\Users\Simona\.m2\repository\org\apache\sling\org.apache.sling.resourcebuilder\1.0.4\org.apache.sling.resourcebuilder-1.0.4.jar;C:\Users\Simona\.m2\repository\org\apache\sling\org.apache.sling.scripting.api\2.2.0\org.apache.sling.scripting.api-2.2.0.jar;C:\Users\Simona\.m2\repository\org\apache\sling\org.apache.sling.scripting.core\2.0.54\org.apache.sling.scripting.core-2.0.54.jar;C:\Users\Simona\.m2\repository\org\apache\felix\org.apache.felix.utils\1.9.0\org.apache.felix.utils-1.9.0.jar;C:\Users\Simona\.m2\repository\org\apache\johnzon\johnzon-core\1.1.1\johnzon-core-1.1.1.jar;C:\Users\Simona\.m2\repository\org\apache\sling\org.apache.sling.adapter\2.1.10\org.apache.sling.adapter-2.1.10.jar;C:\Users\Simona\.m2\repository\org\apache\sling\org.apache.sling.featureflags\1.2.2\org.apache.sling.featureflags-1.2.2.jar;C:\Users\Simona\.m2\repository\org\apache\jackrabbit\oak-jcr\1.8.2\oak-jcr-1.8.2.jar;C:\Users\Simona\.m2\repository\org\apache\jackrabbit\oak-api\1.8.2\oak-api-1.8.2.jar;C:\Users\Simona\.m2\repository\org\apache\jackrabbit\oak-core-spi\1.8.2\oak-core-spi-1.8.2.jar;C:\Users\Simona\.m2\repository\org\apache\jackrabbit\oak-store-spi\1.8.2\oak-store-spi-1.8.2.jar;C:\Users\Simona\.m2\repository\org\apache\jackrabbit\oak-query-spi\1.8.2\oak-query-spi-1.8.2.jar;C:\Users\Simona\.m2\repository\org\apache\jackrabbit\oak-security-spi\1.8.2\oak-security-spi-1.8.2.jar;C:\Users\Simona\.m2\repository\org\apache\jackrabbit\oak-core\1.8.2\oak-core-1.8.2.jar;C:\Users\Simona\.m2\repository\org\apache\jackrabbit\oak-blob-plugins\1.8.2\oak-blob-plugins-1.8.2.jar;C:\Users\Simona\.m2\repository\org\apache\jackrabbit\oak-blob\1.8.2\oak-blob-1.8.2.jar;C:\Users\Simona\.m2\repository\org\apache\jackrabbit\oak-commons\1.8.2\oak-commons-1.8.2.jar;C:\Users\Simona\.m2\repository\commons-lang\commons-lang\2.6\commons-lang-2.6.jar;C:\Users\Simona\.m2\repository\org\apache\sling\org.apache.sling.contentparser.api\2.0.0\org.apache.sling.contentparser.api-2.0.0.jar;C:\Users\Simona\.m2\repository\org\apache\sling\org.apache.sling.contentparser.json\2.0.0\org.apache.sling.contentparser.json-2.0.0.jar;C:\Users\Simona\.m2\repository\org\apache\sling\org.apache.sling.contentparser.xml-jcr\2.0.0\org.apache.sling.contentparser.xml-jcr-2.0.0.jar;C:\Users\Simona\.m2\repository\org\apache\sling\org.apache.sling.fsresource\2.2.0\org.apache.sling.fsresource-2.2.0.jar;C:\Users\Simona\.m2\repository\org\apache\geronimo\specs\geronimo-atinject_1.0_spec\1.0\geronimo-atinject_1.0_spec-1.0.jar;C:\Users\Simona\.m2\repository\org\apache\geronimo\specs\geronimo-json_1.1_spec\1.0\geronimo-json_1.1_spec-1.0.jar;C:\Users\Simona\.m2\repository\org\apache\sling\org.apache.sling.testing.resourceresolver-mock\1.2.4\org.apache.sling.testing.resourceresolver-mock-1.2.4.jar;C:\Users\Simona\.m2\repository\org\apache\sling\org.apache.sling.servlet-helpers\1.4.2\org.apache.sling.servlet-helpers-1.4.2.jar;C:\Users\Simona\.m2\repository\org\apache\jackrabbit\vault\org.apache.jackrabbit.vault\3.1.44\org.apache.jackrabbit.vault-3.1.44.jar;C:\Users\Simona\.m2\repository\org\apache\commons\commons-imaging\1.0-alpha1\commons-imaging-1.0-alpha1.jar;C:\Users\Simona\.m2\repository\javax\servlet\jsp\jsp-api\2.1\jsp-api-2.1.jar;C:\Users\Simona\.m2\repository\com\day\commons\day-commons-gfx\2.1.28\day-commons-gfx-2.1.28.jar;C:\Users\Simona\.m2\repository\com\day\commons\day-commons-any\2.0.0\day-commons-any-2.0.0.jar;C:\Users\Simona\.m2\repository\com\day\commons\day-commons-text\1.1.3\day-commons-text-1.1.3.jar;C:\Users\Simona\.m2\repository\org\apache\sling\org.apache.sling.testing.hamcrest\1.0.2\org.apache.sling.testing.hamcrest-1.0.2.jar;C:\Users\Simona\.m2\repository\org\hamcrest\hamcrest-library\1.3\hamcrest-library-1.3.jar;C:\Users\Simona\.m2\repository\org\hamcrest\hamcrest-core\1.3\hamcrest-core-1.3.jar;C:\Users\Simona\.m2\repository\org\apache\sling\org.apache.sling.xss\2.0.0\org.apache.sling.xss-2.0.0.jar;C:\Users\Simona\.m2\repository\org\apache\sling\org.apache.sling.testing.caconfig-mock-plugin\1.3.6\org.apache.sling.testing.caconfig-mock-plugin-1.3.6.jar;C:\Users\Simona\.m2\repository\org\apache\sling\org.apache.sling.caconfig.api\1.1.0\org.apache.sling.caconfig.api-1.1.0.jar;C:\Users\Simona\.m2\repository\org\apache\sling\org.apache.sling.caconfig.spi\1.3.0\org.apache.sling.caconfig.spi-1.3.0.jar;C:\Users\Simona\.m2\repository\org\apache\sling\org.apache.sling.caconfig.impl\1.4.0\org.apache.sling.caconfig.impl-1.4.0.jar;C:\Users\Simona\.m2\repository\commons-collections\commons-collections\3.2.1\commons-collections-3.2.1.jar;C:\Users\Simona\.m2\repository\com\adobe\cq\core.wcm.components.testing.aem-mock-plugin\2.17.12\core.wcm.components.testing.aem-mock-plugin-2.17.12.jar;C:\Users\Simona\.m2\repository\org\apache\sling\org.apache.sling.models.impl\1.4.4\org.apache.sling.models.impl-1.4.4.jar;C:\Users\Simona\.m2\repository\commons-beanutils\commons-beanutils\1.8.3\commons-beanutils-1.8.3.jar;C:\Users\Simona\.m2\repository\commons-logging\commons-logging\1.1.1\commons-logging-1.1.1.jar;C:\Users\Simona\.m2\repository\org\apache\jackrabbit\jackrabbit-jcr-commons\2.16.0\jackrabbit-jcr-commons-2.16.0.jar;C:\Users\Simona\.m2\repository\org\apache\jackrabbit\jackrabbit-standalone-components\2.21.10\jackrabbit-standalone-components-2.21.10.jar;C:\Users\Simona\.m2\repository\org\apache\jackrabbit\jackrabbit-core\2.21.10\jackrabbit-core-2.21.10.jar;C:\Users\Simona\.m2\repository\concurrent\concurrent\1.3.4\concurrent-1.3.4.jar;C:\Users\Simona\.m2\repository\commons-io\commons-io\2.11.0\commons-io-2.11.0.jar;C:\Users\Simona\.m2\repository\commons-dbcp\commons-dbcp\1.4\commons-dbcp-1.4.jar;C:\Users\Simona\.m2\repository\commons-pool\commons-pool\1.5.4\commons-pool-1.5.4.jar;C:\Users\Simona\.m2\repository\org\apache\jackrabbit\oak-jackrabbit-api\1.42.0\oak-jackrabbit-api-1.42.0.jar;C:\Users\Simona\.m2\repository\org\apache\jackrabbit\jackrabbit-data\2.21.10\jackrabbit-data-2.21.10.jar;C:\Users\Simona\.m2\repository\org\apache\jackrabbit\jackrabbit-spi-commons\2.21.10\jackrabbit-spi-commons-2.21.10.jar;C:\Users\Simona\.m2\repository\org\apache\jackrabbit\jackrabbit-spi\2.21.10\jackrabbit-spi-2.21.10.jar;C:\Users\Simona\.m2\repository\org\apache\tika\tika-core\2.2.1\tika-core-2.2.1.jar;C:\Users\Simona\.m2\repository\org\apache\lucene\lucene-core\3.6.0\lucene-core-3.6.0.jar;C:\Users\Simona\.m2\repository\org\apache\tika\tika-parsers-standard-package\2.2.1\tika-parsers-standard-package-2.2.1.jar;C:\Users\Simona\.m2\repository\org\apache\tika\tika-parser-apple-module\2.2.1\tika-parser-apple-module-2.2.1.jar;C:\Users\Simona\.m2\repository\org\apache\tika\tika-parser-zip-commons\2.2.1\tika-parser-zip-commons-2.2.1.jar;C:\Users\Simona\.m2\repository\com\googlecode\plist\dd-plist\1.23\dd-plist-1.23.jar;C:\Users\Simona\.m2\repository\org\apache\tika\tika-parser-audiovideo-module\2.2.1\tika-parser-audiovideo-module-2.2.1.jar;C:\Users\Simona\.m2\repository\org\apache\tika\tika-parser-cad-module\2.2.1\tika-parser-cad-module-2.2.1.jar;C:\Users\Simona\.m2\repository\org\apache\poi\poi\4.1.2\poi-4.1.2.jar;C:\Users\Simona\.m2\repository\org\apache\commons\commons-math3\3.6.1\commons-math3-3.6.1.jar;C:\Users\Simona\.m2\repository\com\zaxxer\SparseBitSet\1.2\SparseBitSet-1.2.jar;C:\Users\Simona\.m2\repository\org\apache\tika\tika-parser-code-module\2.2.1\tika-parser-code-module-2.2.1.jar;C:\Users\Simona\.m2\repository\org\codelibs\jhighlight\1.0.3\jhighlight-1.0.3.jar;C:\Users\Simona\.m2\repository\org\ccil\cowan\tagsoup\tagsoup\1.2.1\tagsoup-1.2.1.jar;C:\Users\Simona\.m2\repository\org\ow2\asm\asm\9.2\asm-9.2.jar;C:\Users\Simona\.m2\repository\com\epam\parso\2.0.14\parso-2.0.14.jar;C:\Users\Simona\.m2\repository\org\tallison\jmatio\1.5\jmatio-1.5.jar;C:\Users\Simona\.m2\repository\org\apache\tika\tika-parser-crypto-module\2.2.1\tika-parser-crypto-module-2.2.1.jar;C:\Users\Simona\.m2\repository\org\bouncycastle\bcmail-jdk15on\1.70\bcmail-jdk15on-1.70.jar;C:\Users\Simona\.m2\repository\org\bouncycastle\bcutil-jdk15on\1.70\bcutil-jdk15on-1.70.jar;C:\Users\Simona\.m2\repository\org\bouncycastle\bcpkix-jdk15on\1.70\bcpkix-jdk15on-1.70.jar;C:\Users\Simona\.m2\repository\org\bouncycastle\bcprov-jdk15on\1.70\bcprov-jdk15on-1.70.jar;C:\Users\Simona\.m2\repository\org\apache\tika\tika-parser-digest-commons\2.2.1\tika-parser-digest-commons-2.2.1.jar;C:\Users\Simona\.m2\repository\commons-codec\commons-codec\1.15\commons-codec-1.15.jar;C:\Users\Simona\.m2\repository\org\apache\tika\tika-parser-font-module\2.2.1\tika-parser-font-module-2.2.1.jar;C:\Users\Simona\.m2\repository\org\apache\pdfbox\fontbox\2.0.25\fontbox-2.0.25.jar;C:\Users\Simona\.m2\repository\org\apache\tika\tika-parser-html-module\2.2.1\tika-parser-html-module-2.2.1.jar;C:\Users\Simona\.m2\repository\org\apache\tika\tika-parser-html-commons\2.2.1\tika-parser-html-commons-2.2.1.jar;C:\Users\Simona\.m2\repository\org\apache\tika\tika-parser-image-module\2.2.1\tika-parser-image-module-2.2.1.jar;C:\Users\Simona\.m2\repository\com\github\jai-imageio\jai-imageio-core\1.4.0\jai-imageio-core-1.4.0.jar;C:\Users\Simona\.m2\repository\org\apache\pdfbox\jbig2-imageio\3.0.3\jbig2-imageio-3.0.3.jar;C:\Users\Simona\.m2\repository\org\apache\tika\tika-parser-mail-module\2.2.1\tika-parser-mail-module-2.2.1.jar;C:\Users\Simona\.m2\repository\org\apache\tika\tika-parser-mail-commons\2.2.1\tika-parser-mail-commons-2.2.1.jar;C:\Users\Simona\.m2\repository\org\apache\tika\tika-parser-microsoft-module\2.2.1\tika-parser-microsoft-module-2.2.1.jar;C:\Users\Simona\.m2\repository\com\pff\java-libpst\0.9.3\java-libpst-0.9.3.jar;C:\Users\Simona\.m2\repository\org\apache\poi\poi-scratchpad\4.1.2\poi-scratchpad-4.1.2.jar;C:\Users\Simona\.m2\repository\org\apache\poi\poi-ooxml\4.1.2\poi-ooxml-4.1.2.jar;C:\Users\Simona\.m2\repository\org\apache\poi\poi-ooxml-schemas\4.1.2\poi-ooxml-schemas-4.1.2.jar;C:\Users\Simona\.m2\repository\org\apache\xmlbeans\xmlbeans\3.1.0\xmlbeans-3.1.0.jar;C:\Users\Simona\.m2\repository\com\github\virtuald\curvesapi\1.06\curvesapi-1.06.jar;C:\Users\Simona\.m2\repository\com\healthmarketscience\jackcess\jackcess\4.0.1\jackcess-4.0.1.jar;C:\Users\Simona\.m2\repository\com\healthmarketscience\jackcess\jackcess-encrypt\4.0.1\jackcess-encrypt-4.0.1.jar;C:\Users\Simona\.m2\repository\org\slf4j\jcl-over-slf4j\1.7.32\jcl-over-slf4j-1.7.32.jar;C:\Users\Simona\.m2\repository\org\apache\tika\tika-parser-miscoffice-module\2.2.1\tika-parser-miscoffice-module-2.2.1.jar;C:\Users\Simona\.m2\repository\org\apache\tika\tika-parser-news-module\2.2.1\tika-parser-news-module-2.2.1.jar;C:\Users\Simona\.m2\repository\com\rometools\rome\1.16.0\rome-1.16.0.jar;C:\Users\Simona\.m2\repository\com\rometools\rome-utils\1.16.0\rome-utils-1.16.0.jar;C:\Users\Simona\.m2\repository\org\jdom\jdom2\2.0.6\jdom2-2.0.6.jar;C:\Users\Simona\.m2\repository\org\apache\tika\tika-parser-ocr-module\2.2.1\tika-parser-ocr-module-2.2.1.jar;C:\Users\Simona\.m2\repository\org\apache\commons\commons-exec\1.3\commons-exec-1.3.jar;C:\Users\Simona\.m2\repository\org\apache\tika\tika-parser-pdf-module\2.2.1\tika-parser-pdf-module-2.2.1.jar;C:\Users\Simona\.m2\repository\org\apache\pdfbox\pdfbox\2.0.25\pdfbox-2.0.25.jar;C:\Users\Simona\.m2\repository\org\apache\pdfbox\pdfbox-tools\2.0.25\pdfbox-tools-2.0.25.jar;C:\Users\Simona\.m2\repository\org\apache\pdfbox\pdfbox-debugger\2.0.25\pdfbox-debugger-2.0.25.jar;C:\Users\Simona\.m2\repository\org\apache\pdfbox\jempbox\1.8.16\jempbox-1.8.16.jar;C:\Users\Simona\.m2\repository\org\glassfish\jaxb\jaxb-runtime\2.3.5\jaxb-runtime-2.3.5.jar;C:\Users\Simona\.m2\repository\jakarta\xml\bind\jakarta.xml.bind-api\2.3.3\jakarta.xml.bind-api-2.3.3.jar;C:\Users\Simona\.m2\repository\org\glassfish\jaxb\txw2\2.3.5\txw2-2.3.5.jar;C:\Users\Simona\.m2\repository\com\sun\istack\istack-commons-runtime\3.0.12\istack-commons-runtime-3.0.12.jar;C:\Users\Simona\.m2\repository\com\sun\activation\jakarta.activation\1.2.2\jakarta.activation-1.2.2.jar;C:\Users\Simona\.m2\repository\org\apache\tika\tika-parser-pkg-module\2.2.1\tika-parser-pkg-module-2.2.1.jar;C:\Users\Simona\.m2\repository\org\tukaani\xz\1.9\xz-1.9.jar;C:\Users\Simona\.m2\repository\org\brotli\dec\0.1.2\dec-0.1.2.jar;C:\Users\Simona\.m2\repository\com\github\junrar\junrar\7.4.0\junrar-7.4.0.jar;C:\Users\Simona\.m2\repository\org\apache\tika\tika-parser-text-module\2.2.1\tika-parser-text-module-2.2.1.jar;C:\Users\Simona\.m2\repository\com\googlecode\juniversalchardet\juniversalchardet\1.0.3\juniversalchardet-1.0.3.jar;C:\Users\Simona\.m2\repository\org\apache\commons\commons-csv\1.9.0\commons-csv-1.9.0.jar;C:\Users\Simona\.m2\repository\org\apache\tika\tika-parser-xml-module\2.2.1\tika-parser-xml-module-2.2.1.jar;C:\Users\Simona\.m2\repository\org\apache\tika\tika-parser-xmp-commons\2.2.1\tika-parser-xmp-commons-2.2.1.jar;C:\Users\Simona\.m2\repository\org\gagravarr\vorbis-java-tika\0.8\vorbis-java-tika-0.8.jar;C:\Users\Simona\.m2\repository\org\gagravarr\vorbis-java-core\0.8\vorbis-java-core-0.8.jar;C:\Users\Simona\.m2\repository\org\apache\jackrabbit\jackrabbit-jcr-server\2.21.10\jackrabbit-jcr-server-2.21.10.jar;C:\Users\Simona\.m2\repository\org\apache\jackrabbit\jackrabbit-webdav\2.21.10\jackrabbit-webdav-2.21.10.jar;C:\Users\Simona\.m2\repository\org\apache\httpcomponents\httpcore\4.4.15\httpcore-4.4.15.jar;C:\Users\Simona\.m2\repository\org\apache\httpcomponents\httpclient\4.5.13\httpclient-4.5.13.jar;C:\Users\Simona\.m2\repository\commons-fileupload\commons-fileupload\1.4\commons-fileupload-1.4.jar;C:\Users\Simona\.m2\repository\org\apache\jackrabbit\jackrabbit-jcr-servlet\2.21.10\jackrabbit-jcr-servlet-2.21.10.jar;C:\Users\Simona\.m2\repository\org\apache\jackrabbit\jackrabbit-jcr2dav\2.21.10\jackrabbit-jcr2dav-2.21.10.jar;C:\Users\Simona\.m2\repository\org\apache\jackrabbit\jackrabbit-jcr2spi\2.21.10\jackrabbit-jcr2spi-2.21.10.jar;C:\Users\Simona\.m2\repository\org\apache\jackrabbit\jackrabbit-spi2dav\2.21.10\jackrabbit-spi2dav-2.21.10.jar;C:\Users\Simona\.m2\repository\org\apache\httpcomponents\httpmime\4.5.13\httpmime-4.5.13.jar;C:\Users\Simona\.m2\repository\org\apache\jackrabbit\jackrabbit-jcr-rmi\2.21.10\jackrabbit-jcr-rmi-2.21.10.jar;C:\Users\Simona\.m2\repository\org\apache\jackrabbit\jackrabbit-webapp\2.21.10\jackrabbit-webapp-2.21.10.jar;C:\Users\Simona\.m2\repository\ch\qos\logback\logback-classic\1.2.10\logback-classic-1.2.10.jar;C:\Users\Simona\.m2\repository\ch\qos\logback\logback-core\1.2.10\logback-core-1.2.10.jar;C:\Users\Simona\.m2\repository\com\googlecode\json-simple\json-simple\1.1.1\json-simple-1.1.1.jar;C:\Users\Simona\.m2\repository\org\apache\derby\derby\10.14.2.0\derby-10.14.2.0.jar;C:\Users\Simona\.m2\repository\org\eclipse\jetty\jetty-server\9.2.30.v20200428\jetty-server-9.2.30.v20200428.jar;C:\Users\Simona\.m2\repository\org\eclipse\jetty\jetty-http\9.2.30.v20200428\jetty-http-9.2.30.v20200428.jar;C:\Users\Simona\.m2\repository\org\eclipse\jetty\jetty-io\9.2.30.v20200428\jetty-io-9.2.30.v20200428.jar;C:\Users\Simona\.m2\repository\org\eclipse\jetty\jetty-webapp\9.2.30.v20200428\jetty-webapp-9.2.30.v20200428.jar;C:\Users\Simona\.m2\repository\org\eclipse\jetty\jetty-xml\9.2.30.v20200428\jetty-xml-9.2.30.v20200428.jar;C:\Users\Simona\.m2\repository\org\eclipse\jetty\jetty-servlet\9.2.30.v20200428\jetty-servlet-9.2.30.v20200428.jar;C:\Users\Simona\.m2\repository\org\eclipse\jetty\jetty-security\9.2.30.v20200428\jetty-security-9.2.30.v20200428.jar;C:\Users\Simona\.m2\repository\org\eclipse\jetty\jetty-jsp\9.2.30.v20200428\jetty-jsp-9.2.30.v20200428.jar;C:\Users\Simona\.m2\repository\org\eclipse\jetty\toolchain\jetty-schemas\3.1.M0\jetty-schemas-3.1.M0.jar;C:\Users\Simona\.m2\repository\javax\servlet\jsp\javax.servlet.jsp-api\2.3.1\javax.servlet.jsp-api-2.3.1.jar;C:\Users\Simona\.m2\repository\org\glassfish\web\javax.servlet.jsp\2.3.2\javax.servlet.jsp-2.3.2.jar;C:\Users\Simona\.m2\repository\org\eclipse\jetty\orbit\javax.servlet.jsp.jstl\1.2.0.v201105211821\javax.servlet.jsp.jstl-1.2.0.v201105211821.jar;C:\Users\Simona\.m2\repository\org\glassfish\web\javax.servlet.jsp.jstl\1.2.2\javax.servlet.jsp.jstl-1.2.2.jar;C:\Users\Simona\.m2\repository\org\eclipse\jetty\orbit\org.eclipse.jdt.core\3.8.2.v20130121\org.eclipse.jdt.core-3.8.2.v20130121.jar;C:\Users\Simona\.m2\repository\org\glassfish\javax.el\3.0.0\javax.el-3.0.0.jar;C:\Users\Simona\.m2\repository\org\eclipse\jetty\jetty-util\9.2.30.v20200428\jetty-util-9.2.30.v20200428.jar;C:\Users\Simona\.m2\repository\commons-cli\commons-cli\1.5.0\commons-cli-1.5.0.jar;C:\Users\Simona\.m2\repository\commons-chain\commons-chain\1.2\commons-chain-1.2.jar;C:\Users\Simona\.m2\repository\commons-digester\commons-digester\2.1\commons-digester-2.1.jar;C:\Users\Simona\.m2\repository\jline\jline\0.9.94\jline-0.9.94.jar;C:\Users\Simona\.m2\repository\commons-jexl\commons-jexl\1.1\commons-jexl-1.1.jar;C:\Users\Simona\.m2\repository\org\projectlombok\lombok\1.18.24\lombok-1.18.24.jar;C:\Users\Simona\.m2\repository\xerces\xercesImpl\2.12.2\xercesImpl-2.12.2.jar;C:\Users\Simona\.m2\repository\xml-apis\xml-apis\1.4.01\xml-apis-1.4.01.jar;C:\Users\Simona\.m2\repository\org\apache\maven\surefire\surefire-junit-platform\2.22.1\surefire-junit-platform-2.22.1.jar;C:\Users\Simona\.m2\repository\org\junit\platform\junit-platform-launcher\1.3.1\junit-platform-launcher-1.3.1.jar"/>
    <property name="java.vm.vendor" value="Oracle Corporation"/>
    <property name="sun.arch.data.model" value="64"/>
    <property name="user.variant" value=""/>
    <property name="java.vendor.url" value="https://openjdk.java.net/"/>
    <property name="user.timezone" value="Europe/Belgrade"/>
    <property name="java.vm.specification.version" value="11"/>
    <property name="os.name" value="Windows 10"/>
    <property name="sun.java.launcher" value="SUN_STANDARD"/>
    <property name="user.country" value="US"/>
    <property name="sun.boot.library.path" value="C:\Program Files\Java\jdk-11.0.15\bin"/>
    <property name="sun.java.command" value="org.apache.maven.surefire.booter.ForkedBooter C:\Users\Simona\AppData\Local\Temp\surefire2115055617095097849 2022-08-29T01-33-24_900-jvmRun1 surefire1028449207809882012tmp surefire_016523223265231881273tmp"/>
    <property name="jdk.debug" value="release"/>
    <property name="surefire.test.class.path" value="D:\GitHub\Vehicles\vehicle\core\target\test-classes;D:\GitHub\Vehicles\vehicle\core\target\classes;C:\Users\Simona\.m2\repository\uk\org\lidalia\slf4j-test\1.0.1\slf4j-test-1.0.1.jar;C:\Users\Simona\.m2\repository\uk\org\lidalia\lidalia-lang\1.0.0\lidalia-lang-1.0.0.jar;C:\Users\Simona\.m2\repository\org\apache\commons\commons-lang3\3.1\commons-lang3-3.1.jar;C:\Users\Simona\.m2\repository\com\google\guava\guava\14.0.1\guava-14.0.1.jar;C:\Users\Simona\.m2\repository\uk\org\lidalia\lidalia-slf4j-ext\1.0.0\lidalia-slf4j-ext-1.0.0.jar;C:\Users\Simona\.m2\repository\joda-time\joda-time\2.2\joda-time-2.2.jar;C:\Users\Simona\.m2\repository\org\osgi\org.osgi.annotation.versioning\1.1.0\org.osgi.annotation.versioning-1.1.0.jar;C:\Users\Simona\.m2\repository\org\osgi\org.osgi.annotation.bundle\1.0.0\org.osgi.annotation.bundle-1.0.0.jar;C:\Users\Simona\.m2\repository\org\osgi\org.osgi.service.metatype.annotations\1.4.0\org.osgi.service.metatype.annotations-1.4.0.jar;C:\Users\Simona\.m2\repository\org\osgi\org.osgi.service.component.annotations\1.4.0\org.osgi.service.component.annotations-1.4.0.jar;C:\Users\Simona\.m2\repository\org\osgi\org.osgi.service.component\1.4.0\org.osgi.service.component-1.4.0.jar;C:\Users\Simona\.m2\repository\org\osgi\org.osgi.service.cm\1.6.0\org.osgi.service.cm-1.6.0.jar;C:\Users\Simona\.m2\repository\org\osgi\org.osgi.service.event\1.3.1\org.osgi.service.event-1.3.1.jar;C:\Users\Simona\.m2\repository\org\osgi\org.osgi.service.log\1.4.0\org.osgi.service.log-1.4.0.jar;C:\Users\Simona\.m2\repository\org\osgi\org.osgi.framework\1.9.0\org.osgi.framework-1.9.0.jar;C:\Users\Simona\.m2\repository\org\osgi\org.osgi.resource\1.0.0\org.osgi.resource-1.0.0.jar;C:\Users\Simona\.m2\repository\org\osgi\org.osgi.util.tracker\1.5.1\org.osgi.util.tracker-1.5.1.jar;C:\Users\Simona\.m2\repository\org\slf4j\slf4j-api\1.7.21\slf4j-api-1.7.21.jar;C:\Users\Simona\.m2\repository\javax\jcr\jcr\2.0\jcr-2.0.jar;C:\Users\Simona\.m2\repository\javax\servlet\javax.servlet-api\3.1.0\javax.servlet-api-3.1.0.jar;C:\Users\Simona\.m2\repository\javax\annotation\javax.annotation-api\1.3.2\javax.annotation-api-1.3.2.jar;C:\Users\Simona\.m2\repository\org\apache\sling\org.apache.sling.servlets.annotations\1.2.4\org.apache.sling.servlets.annotations-1.2.4.jar;C:\Users\Simona\.m2\repository\com\adobe\aem\uber-jar\6.5.9\uber-jar-6.5.9.jar;C:\Users\Simona\.m2\repository\com\adobe\cq\core.wcm.components.core\2.17.12\core.wcm.components.core-2.17.12.jar;C:\Users\Simona\.m2\repository\org\apache\sling\org.apache.sling.models.api\1.3.6\org.apache.sling.models.api-1.3.6.jar;C:\Users\Simona\.m2\repository\org\junit\jupiter\junit-jupiter\5.8.2\junit-jupiter-5.8.2.jar;C:\Users\Simona\.m2\repository\org\junit\jupiter\junit-jupiter-api\5.8.2\junit-jupiter-api-5.8.2.jar;C:\Users\Simona\.m2\repository\org\opentest4j\opentest4j\1.2.0\opentest4j-1.2.0.jar;C:\Users\Simona\.m2\repository\org\junit\platform\junit-platform-commons\1.8.2\junit-platform-commons-1.8.2.jar;C:\Users\Simona\.m2\repository\org\apiguardian\apiguardian-api\1.1.2\apiguardian-api-1.1.2.jar;C:\Users\Simona\.m2\repository\org\junit\jupiter\junit-jupiter-params\5.8.2\junit-jupiter-params-5.8.2.jar;C:\Users\Simona\.m2\repository\org\junit\jupiter\junit-jupiter-engine\5.8.2\junit-jupiter-engine-5.8.2.jar;C:\Users\Simona\.m2\repository\org\junit\platform\junit-platform-engine\1.8.2\junit-platform-engine-1.8.2.jar;C:\Users\Simona\.m2\repository\org\mockito\mockito-core\4.1.0\mockito-core-4.1.0.jar;C:\Users\Simona\.m2\repository\net\bytebuddy\byte-buddy\1.12.1\byte-buddy-1.12.1.jar;C:\Users\Simona\.m2\repository\net\bytebuddy\byte-buddy-agent\1.12.1\byte-buddy-agent-1.12.1.jar;C:\Users\Simona\.m2\repository\org\objenesis\objenesis\3.2\objenesis-3.2.jar;C:\Users\Simona\.m2\repository\org\mockito\mockito-junit-jupiter\4.1.0\mockito-junit-jupiter-4.1.0.jar;C:\Users\Simona\.m2\repository\junit-addons\junit-addons\1.4\junit-addons-1.4.jar;C:\Users\Simona\.m2\repository\junit\junit\3.8.1\junit-3.8.1.jar;C:\Users\Simona\.m2\repository\xerces\xmlParserAPIs\2.6.2\xmlParserAPIs-2.6.2.jar;C:\Users\Simona\.m2\repository\io\wcm\io.wcm.testing.aem-mock.junit5\4.1.8\io.wcm.testing.aem-mock.junit5-4.1.8.jar;C:\Users\Simona\.m2\repository\io\wcm\io.wcm.testing.aem-mock.core\4.1.8\io.wcm.testing.aem-mock.core-4.1.8.jar;C:\Users\Simona\.m2\repository\org\apache\sling\org.apache.sling.api\2.16.4\org.apache.sling.api-2.16.4.jar;C:\Users\Simona\.m2\repository\org\apache\sling\org.apache.sling.commons.osgi\2.4.0\org.apache.sling.commons.osgi-2.4.0.jar;C:\Users\Simona\.m2\repository\org\apache\sling\org.apache.sling.resourceresolver\1.5.34\org.apache.sling.resourceresolver-1.5.34.jar;C:\Users\Simona\.m2\repository\org\apache\sling\org.apache.sling.serviceusermapper\1.3.6\org.apache.sling.serviceusermapper-1.3.6.jar;C:\Users\Simona\.m2\repository\org\apache\sling\org.apache.sling.jcr.api\2.4.0\org.apache.sling.jcr.api-2.4.0.jar;C:\Users\Simona\.m2\repository\org\apache\sling\org.apache.sling.jcr.resource\3.0.8\org.apache.sling.jcr.resource-3.0.8.jar;C:\Users\Simona\.m2\repository\org\apache\sling\org.apache.sling.commons.mime\2.1.10\org.apache.sling.commons.mime-2.1.10.jar;C:\Users\Simona\.m2\repository\org\apache\sling\org.apache.sling.commons.json\2.0.20\org.apache.sling.commons.json-2.0.20.jar;C:\Users\Simona\.m2\repository\org\apache\sling\org.apache.sling.commons.classloader\1.4.2\org.apache.sling.commons.classloader-1.4.2.jar;C:\Users\Simona\.m2\repository\org\apache\sling\org.apache.sling.settings\1.3.8\org.apache.sling.settings-1.3.8.jar;C:\Users\Simona\.m2\repository\org\apache\sling\org.apache.sling.i18n\2.5.10\org.apache.sling.i18n-2.5.10.jar;C:\Users\Simona\.m2\repository\org\apache\sling\org.apache.sling.testing.jcr-mock\1.5.4\org.apache.sling.testing.jcr-mock-1.5.4.jar;C:\Users\Simona\.m2\repository\org\apache\jackrabbit\jackrabbit-api\2.16.0\jackrabbit-api-2.16.0.jar;C:\Users\Simona\.m2\repository\org\apache\commons\commons-collections4\4.1\commons-collections4-4.1.jar;C:\Users\Simona\.m2\repository\org\apache\sling\org.apache.sling.testing.osgi-mock.core\3.2.2\org.apache.sling.testing.osgi-mock.core-3.2.2.jar;C:\Users\Simona\.m2\repository\org\reflections\reflections\0.10.2\reflections-0.10.2.jar;C:\Users\Simona\.m2\repository\org\javassist\javassist\3.28.0-GA\javassist-3.28.0-GA.jar;C:\Users\Simona\.m2\repository\org\apache\sling\org.apache.sling.testing.sling-mock.core\3.2.2\org.apache.sling.testing.sling-mock.core-3.2.2.jar;C:\Users\Simona\.m2\repository\org\apache\sling\org.apache.sling.resourcebuilder\1.0.4\org.apache.sling.resourcebuilder-1.0.4.jar;C:\Users\Simona\.m2\repository\org\apache\sling\org.apache.sling.scripting.api\2.2.0\org.apache.sling.scripting.api-2.2.0.jar;C:\Users\Simona\.m2\repository\org\apache\sling\org.apache.sling.scripting.core\2.0.54\org.apache.sling.scripting.core-2.0.54.jar;C:\Users\Simona\.m2\repository\org\apache\felix\org.apache.felix.utils\1.9.0\org.apache.felix.utils-1.9.0.jar;C:\Users\Simona\.m2\repository\org\apache\johnzon\johnzon-core\1.1.1\johnzon-core-1.1.1.jar;C:\Users\Simona\.m2\repository\org\apache\sling\org.apache.sling.adapter\2.1.10\org.apache.sling.adapter-2.1.10.jar;C:\Users\Simona\.m2\repository\org\apache\sling\org.apache.sling.featureflags\1.2.2\org.apache.sling.featureflags-1.2.2.jar;C:\Users\Simona\.m2\repository\org\apache\jackrabbit\oak-jcr\1.8.2\oak-jcr-1.8.2.jar;C:\Users\Simona\.m2\repository\org\apache\jackrabbit\oak-api\1.8.2\oak-api-1.8.2.jar;C:\Users\Simona\.m2\repository\org\apache\jackrabbit\oak-core-spi\1.8.2\oak-core-spi-1.8.2.jar;C:\Users\Simona\.m2\repository\org\apache\jackrabbit\oak-store-spi\1.8.2\oak-store-spi-1.8.2.jar;C:\Users\Simona\.m2\repository\org\apache\jackrabbit\oak-query-spi\1.8.2\oak-query-spi-1.8.2.jar;C:\Users\Simona\.m2\repository\org\apache\jackrabbit\oak-security-spi\1.8.2\oak-security-spi-1.8.2.jar;C:\Users\Simona\.m2\repository\org\apache\jackrabbit\oak-core\1.8.2\oak-core-1.8.2.jar;C:\Users\Simona\.m2\repository\org\apache\jackrabbit\oak-blob-plugins\1.8.2\oak-blob-plugins-1.8.2.jar;C:\Users\Simona\.m2\repository\org\apache\jackrabbit\oak-blob\1.8.2\oak-blob-1.8.2.jar;C:\Users\Simona\.m2\repository\org\apache\jackrabbit\oak-commons\1.8.2\oak-commons-1.8.2.jar;C:\Users\Simona\.m2\repository\commons-lang\commons-lang\2.6\commons-lang-2.6.jar;C:\Users\Simona\.m2\repository\org\apache\sling\org.apache.sling.contentparser.api\2.0.0\org.apache.sling.contentparser.api-2.0.0.jar;C:\Users\Simona\.m2\repository\org\apache\sling\org.apache.sling.contentparser.json\2.0.0\org.apache.sling.contentparser.json-2.0.0.jar;C:\Users\Simona\.m2\repository\org\apache\sling\org.apache.sling.contentparser.xml-jcr\2.0.0\org.apache.sling.contentparser.xml-jcr-2.0.0.jar;C:\Users\Simona\.m2\repository\org\apache\sling\org.apache.sling.fsresource\2.2.0\org.apache.sling.fsresource-2.2.0.jar;C:\Users\Simona\.m2\repository\org\apache\geronimo\specs\geronimo-atinject_1.0_spec\1.0\geronimo-atinject_1.0_spec-1.0.jar;C:\Users\Simona\.m2\repository\org\apache\geronimo\specs\geronimo-json_1.1_spec\1.0\geronimo-json_1.1_spec-1.0.jar;C:\Users\Simona\.m2\repository\org\apache\sling\org.apache.sling.testing.resourceresolver-mock\1.2.4\org.apache.sling.testing.resourceresolver-mock-1.2.4.jar;C:\Users\Simona\.m2\repository\org\apache\sling\org.apache.sling.servlet-helpers\1.4.2\org.apache.sling.servlet-helpers-1.4.2.jar;C:\Users\Simona\.m2\repository\org\apache\jackrabbit\vault\org.apache.jackrabbit.vault\3.1.44\org.apache.jackrabbit.vault-3.1.44.jar;C:\Users\Simona\.m2\repository\org\apache\commons\commons-imaging\1.0-alpha1\commons-imaging-1.0-alpha1.jar;C:\Users\Simona\.m2\repository\javax\servlet\jsp\jsp-api\2.1\jsp-api-2.1.jar;C:\Users\Simona\.m2\repository\com\day\commons\day-commons-gfx\2.1.28\day-commons-gfx-2.1.28.jar;C:\Users\Simona\.m2\repository\com\day\commons\day-commons-any\2.0.0\day-commons-any-2.0.0.jar;C:\Users\Simona\.m2\repository\com\day\commons\day-commons-text\1.1.3\day-commons-text-1.1.3.jar;C:\Users\Simona\.m2\repository\org\apache\sling\org.apache.sling.testing.hamcrest\1.0.2\org.apache.sling.testing.hamcrest-1.0.2.jar;C:\Users\Simona\.m2\repository\org\hamcrest\hamcrest-library\1.3\hamcrest-library-1.3.jar;C:\Users\Simona\.m2\repository\org\hamcrest\hamcrest-core\1.3\hamcrest-core-1.3.jar;C:\Users\Simona\.m2\repository\org\apache\sling\org.apache.sling.xss\2.0.0\org.apache.sling.xss-2.0.0.jar;C:\Users\Simona\.m2\repository\org\apache\sling\org.apache.sling.testing.caconfig-mock-plugin\1.3.6\org.apache.sling.testing.caconfig-mock-plugin-1.3.6.jar;C:\Users\Simona\.m2\repository\org\apache\sling\org.apache.sling.caconfig.api\1.1.0\org.apache.sling.caconfig.api-1.1.0.jar;C:\Users\Simona\.m2\repository\org\apache\sling\org.apache.sling.caconfig.spi\1.3.0\org.apache.sling.caconfig.spi-1.3.0.jar;C:\Users\Simona\.m2\repository\org\apache\sling\org.apache.sling.caconfig.impl\1.4.0\org.apache.sling.caconfig.impl-1.4.0.jar;C:\Users\Simona\.m2\repository\commons-collections\commons-collections\3.2.1\commons-collections-3.2.1.jar;C:\Users\Simona\.m2\repository\com\adobe\cq\core.wcm.components.testing.aem-mock-plugin\2.17.12\core.wcm.components.testing.aem-mock-plugin-2.17.12.jar;C:\Users\Simona\.m2\repository\org\apache\sling\org.apache.sling.models.impl\1.4.4\org.apache.sling.models.impl-1.4.4.jar;C:\Users\Simona\.m2\repository\commons-beanutils\commons-beanutils\1.8.3\commons-beanutils-1.8.3.jar;C:\Users\Simona\.m2\repository\commons-logging\commons-logging\1.1.1\commons-logging-1.1.1.jar;C:\Users\Simona\.m2\repository\org\apache\jackrabbit\jackrabbit-jcr-commons\2.16.0\jackrabbit-jcr-commons-2.16.0.jar;C:\Users\Simona\.m2\repository\org\apache\jackrabbit\jackrabbit-standalone-components\2.21.10\jackrabbit-standalone-components-2.21.10.jar;C:\Users\Simona\.m2\repository\org\apache\jackrabbit\jackrabbit-core\2.21.10\jackrabbit-core-2.21.10.jar;C:\Users\Simona\.m2\repository\concurrent\concurrent\1.3.4\concurrent-1.3.4.jar;C:\Users\Simona\.m2\repository\commons-io\commons-io\2.11.0\commons-io-2.11.0.jar;C:\Users\Simona\.m2\repository\commons-dbcp\commons-dbcp\1.4\commons-dbcp-1.4.jar;C:\Users\Simona\.m2\repository\commons-pool\commons-pool\1.5.4\commons-pool-1.5.4.jar;C:\Users\Simona\.m2\repository\org\apache\jackrabbit\oak-jackrabbit-api\1.42.0\oak-jackrabbit-api-1.42.0.jar;C:\Users\Simona\.m2\repository\org\apache\jackrabbit\jackrabbit-data\2.21.10\jackrabbit-data-2.21.10.jar;C:\Users\Simona\.m2\repository\org\apache\jackrabbit\jackrabbit-spi-commons\2.21.10\jackrabbit-spi-commons-2.21.10.jar;C:\Users\Simona\.m2\repository\org\apache\jackrabbit\jackrabbit-spi\2.21.10\jackrabbit-spi-2.21.10.jar;C:\Users\Simona\.m2\repository\org\apache\tika\tika-core\2.2.1\tika-core-2.2.1.jar;C:\Users\Simona\.m2\repository\org\apache\lucene\lucene-core\3.6.0\lucene-core-3.6.0.jar;C:\Users\Simona\.m2\repository\org\apache\tika\tika-parsers-standard-package\2.2.1\tika-parsers-standard-package-2.2.1.jar;C:\Users\Simona\.m2\repository\org\apache\tika\tika-parser-apple-module\2.2.1\tika-parser-apple-module-2.2.1.jar;C:\Users\Simona\.m2\repository\org\apache\tika\tika-parser-zip-commons\2.2.1\tika-parser-zip-commons-2.2.1.jar;C:\Users\Simona\.m2\repository\com\googlecode\plist\dd-plist\1.23\dd-plist-1.23.jar;C:\Users\Simona\.m2\repository\org\apache\tika\tika-parser-audiovideo-module\2.2.1\tika-parser-audiovideo-module-2.2.1.jar;C:\Users\Simona\.m2\repository\org\apache\tika\tika-parser-cad-module\2.2.1\tika-parser-cad-module-2.2.1.jar;C:\Users\Simona\.m2\repository\org\apache\poi\poi\4.1.2\poi-4.1.2.jar;C:\Users\Simona\.m2\repository\org\apache\commons\commons-math3\3.6.1\commons-math3-3.6.1.jar;C:\Users\Simona\.m2\repository\com\zaxxer\SparseBitSet\1.2\SparseBitSet-1.2.jar;C:\Users\Simona\.m2\repository\org\apache\tika\tika-parser-code-module\2.2.1\tika-parser-code-module-2.2.1.jar;C:\Users\Simona\.m2\repository\org\codelibs\jhighlight\1.0.3\jhighlight-1.0.3.jar;C:\Users\Simona\.m2\repository\org\ccil\cowan\tagsoup\tagsoup\1.2.1\tagsoup-1.2.1.jar;C:\Users\Simona\.m2\repository\org\ow2\asm\asm\9.2\asm-9.2.jar;C:\Users\Simona\.m2\repository\com\epam\parso\2.0.14\parso-2.0.14.jar;C:\Users\Simona\.m2\repository\org\tallison\jmatio\1.5\jmatio-1.5.jar;C:\Users\Simona\.m2\repository\org\apache\tika\tika-parser-crypto-module\2.2.1\tika-parser-crypto-module-2.2.1.jar;C:\Users\Simona\.m2\repository\org\bouncycastle\bcmail-jdk15on\1.70\bcmail-jdk15on-1.70.jar;C:\Users\Simona\.m2\repository\org\bouncycastle\bcutil-jdk15on\1.70\bcutil-jdk15on-1.70.jar;C:\Users\Simona\.m2\repository\org\bouncycastle\bcpkix-jdk15on\1.70\bcpkix-jdk15on-1.70.jar;C:\Users\Simona\.m2\repository\org\bouncycastle\bcprov-jdk15on\1.70\bcprov-jdk15on-1.70.jar;C:\Users\Simona\.m2\repository\org\apache\tika\tika-parser-digest-commons\2.2.1\tika-parser-digest-commons-2.2.1.jar;C:\Users\Simona\.m2\repository\commons-codec\commons-codec\1.15\commons-codec-1.15.jar;C:\Users\Simona\.m2\repository\org\apache\tika\tika-parser-font-module\2.2.1\tika-parser-font-module-2.2.1.jar;C:\Users\Simona\.m2\repository\org\apache\pdfbox\fontbox\2.0.25\fontbox-2.0.25.jar;C:\Users\Simona\.m2\repository\org\apache\tika\tika-parser-html-module\2.2.1\tika-parser-html-module-2.2.1.jar;C:\Users\Simona\.m2\repository\org\apache\tika\tika-parser-html-commons\2.2.1\tika-parser-html-commons-2.2.1.jar;C:\Users\Simona\.m2\repository\org\apache\tika\tika-parser-image-module\2.2.1\tika-parser-image-module-2.2.1.jar;C:\Users\Simona\.m2\repository\com\github\jai-imageio\jai-imageio-core\1.4.0\jai-imageio-core-1.4.0.jar;C:\Users\Simona\.m2\repository\org\apache\pdfbox\jbig2-imageio\3.0.3\jbig2-imageio-3.0.3.jar;C:\Users\Simona\.m2\repository\org\apache\tika\tika-parser-mail-module\2.2.1\tika-parser-mail-module-2.2.1.jar;C:\Users\Simona\.m2\repository\org\apache\tika\tika-parser-mail-commons\2.2.1\tika-parser-mail-commons-2.2.1.jar;C:\Users\Simona\.m2\repository\org\apache\tika\tika-parser-microsoft-module\2.2.1\tika-parser-microsoft-module-2.2.1.jar;C:\Users\Simona\.m2\repository\com\pff\java-libpst\0.9.3\java-libpst-0.9.3.jar;C:\Users\Simona\.m2\repository\org\apache\poi\poi-scratchpad\4.1.2\poi-scratchpad-4.1.2.jar;C:\Users\Simona\.m2\repository\org\apache\poi\poi-ooxml\4.1.2\poi-ooxml-4.1.2.jar;C:\Users\Simona\.m2\repository\org\apache\poi\poi-ooxml-schemas\4.1.2\poi-ooxml-schemas-4.1.2.jar;C:\Users\Simona\.m2\repository\org\apache\xmlbeans\xmlbeans\3.1.0\xmlbeans-3.1.0.jar;C:\Users\Simona\.m2\repository\com\github\virtuald\curvesapi\1.06\curvesapi-1.06.jar;C:\Users\Simona\.m2\repository\com\healthmarketscience\jackcess\jackcess\4.0.1\jackcess-4.0.1.jar;C:\Users\Simona\.m2\repository\com\healthmarketscience\jackcess\jackcess-encrypt\4.0.1\jackcess-encrypt-4.0.1.jar;C:\Users\Simona\.m2\repository\org\slf4j\jcl-over-slf4j\1.7.32\jcl-over-slf4j-1.7.32.jar;C:\Users\Simona\.m2\repository\org\apache\tika\tika-parser-miscoffice-module\2.2.1\tika-parser-miscoffice-module-2.2.1.jar;C:\Users\Simona\.m2\repository\org\apache\tika\tika-parser-news-module\2.2.1\tika-parser-news-module-2.2.1.jar;C:\Users\Simona\.m2\repository\com\rometools\rome\1.16.0\rome-1.16.0.jar;C:\Users\Simona\.m2\repository\com\rometools\rome-utils\1.16.0\rome-utils-1.16.0.jar;C:\Users\Simona\.m2\repository\org\jdom\jdom2\2.0.6\jdom2-2.0.6.jar;C:\Users\Simona\.m2\repository\org\apache\tika\tika-parser-ocr-module\2.2.1\tika-parser-ocr-module-2.2.1.jar;C:\Users\Simona\.m2\repository\org\apache\commons\commons-exec\1.3\commons-exec-1.3.jar;C:\Users\Simona\.m2\repository\org\apache\tika\tika-parser-pdf-module\2.2.1\tika-parser-pdf-module-2.2.1.jar;C:\Users\Simona\.m2\repository\org\apache\pdfbox\pdfbox\2.0.25\pdfbox-2.0.25.jar;C:\Users\Simona\.m2\repository\org\apache\pdfbox\pdfbox-tools\2.0.25\pdfbox-tools-2.0.25.jar;C:\Users\Simona\.m2\repository\org\apache\pdfbox\pdfbox-debugger\2.0.25\pdfbox-debugger-2.0.25.jar;C:\Users\Simona\.m2\repository\org\apache\pdfbox\jempbox\1.8.16\jempbox-1.8.16.jar;C:\Users\Simona\.m2\repository\org\glassfish\jaxb\jaxb-runtime\2.3.5\jaxb-runtime-2.3.5.jar;C:\Users\Simona\.m2\repository\jakarta\xml\bind\jakarta.xml.bind-api\2.3.3\jakarta.xml.bind-api-2.3.3.jar;C:\Users\Simona\.m2\repository\org\glassfish\jaxb\txw2\2.3.5\txw2-2.3.5.jar;C:\Users\Simona\.m2\repository\com\sun\istack\istack-commons-runtime\3.0.12\istack-commons-runtime-3.0.12.jar;C:\Users\Simona\.m2\repository\com\sun\activation\jakarta.activation\1.2.2\jakarta.activation-1.2.2.jar;C:\Users\Simona\.m2\repository\org\apache\tika\tika-parser-pkg-module\2.2.1\tika-parser-pkg-module-2.2.1.jar;C:\Users\Simona\.m2\repository\org\tukaani\xz\1.9\xz-1.9.jar;C:\Users\Simona\.m2\repository\org\brotli\dec\0.1.2\dec-0.1.2.jar;C:\Users\Simona\.m2\repository\com\github\junrar\junrar\7.4.0\junrar-7.4.0.jar;C:\Users\Simona\.m2\repository\org\apache\tika\tika-parser-text-module\2.2.1\tika-parser-text-module-2.2.1.jar;C:\Users\Simona\.m2\repository\com\googlecode\juniversalchardet\juniversalchardet\1.0.3\juniversalchardet-1.0.3.jar;C:\Users\Simona\.m2\repository\org\apache\commons\commons-csv\1.9.0\commons-csv-1.9.0.jar;C:\Users\Simona\.m2\repository\org\apache\tika\tika-parser-xml-module\2.2.1\tika-parser-xml-module-2.2.1.jar;C:\Users\Simona\.m2\repository\org\apache\tika\tika-parser-xmp-commons\2.2.1\tika-parser-xmp-commons-2.2.1.jar;C:\Users\Simona\.m2\repository\org\gagravarr\vorbis-java-tika\0.8\vorbis-java-tika-0.8.jar;C:\Users\Simona\.m2\repository\org\gagravarr\vorbis-java-core\0.8\vorbis-java-core-0.8.jar;C:\Users\Simona\.m2\repository\org\apache\jackrabbit\jackrabbit-jcr-server\2.21.10\jackrabbit-jcr-server-2.21.10.jar;C:\Users\Simona\.m2\repository\org\apache\jackrabbit\jackrabbit-webdav\2.21.10\jackrabbit-webdav-2.21.10.jar;C:\Users\Simona\.m2\repository\org\apache\httpcomponents\httpcore\4.4.15\httpcore-4.4.15.jar;C:\Users\Simona\.m2\repository\org\apache\httpcomponents\httpclient\4.5.13\httpclient-4.5.13.jar;C:\Users\Simona\.m2\repository\commons-fileupload\commons-fileupload\1.4\commons-fileupload-1.4.jar;C:\Users\Simona\.m2\repository\org\apache\jackrabbit\jackrabbit-jcr-servlet\2.21.10\jackrabbit-jcr-servlet-2.21.10.jar;C:\Users\Simona\.m2\repository\org\apache\jackrabbit\jackrabbit-jcr2dav\2.21.10\jackrabbit-jcr2dav-2.21.10.jar;C:\Users\Simona\.m2\repository\org\apache\jackrabbit\jackrabbit-jcr2spi\2.21.10\jackrabbit-jcr2spi-2.21.10.jar;C:\Users\Simona\.m2\repository\org\apache\jackrabbit\jackrabbit-spi2dav\2.21.10\jackrabbit-spi2dav-2.21.10.jar;C:\Users\Simona\.m2\repository\org\apache\httpcomponents\httpmime\4.5.13\httpmime-4.5.13.jar;C:\Users\Simona\.m2\repository\org\apache\jackrabbit\jackrabbit-jcr-rmi\2.21.10\jackrabbit-jcr-rmi-2.21.10.jar;C:\Users\Simona\.m2\repository\org\apache\jackrabbit\jackrabbit-webapp\2.21.10\jackrabbit-webapp-2.21.10.jar;C:\Users\Simona\.m2\repository\ch\qos\logback\logback-classic\1.2.10\logback-classic-1.2.10.jar;C:\Users\Simona\.m2\repository\ch\qos\logback\logback-core\1.2.10\logback-core-1.2.10.jar;C:\Users\Simona\.m2\repository\com\googlecode\json-simple\json-simple\1.1.1\json-simple-1.1.1.jar;C:\Users\Simona\.m2\repository\org\apache\derby\derby\10.14.2.0\derby-10.14.2.0.jar;C:\Users\Simona\.m2\repository\org\eclipse\jetty\jetty-server\9.2.30.v20200428\jetty-server-9.2.30.v20200428.jar;C:\Users\Simona\.m2\repository\org\eclipse\jetty\jetty-http\9.2.30.v20200428\jetty-http-9.2.30.v20200428.jar;C:\Users\Simona\.m2\repository\org\eclipse\jetty\jetty-io\9.2.30.v20200428\jetty-io-9.2.30.v20200428.jar;C:\Users\Simona\.m2\repository\org\eclipse\jetty\jetty-webapp\9.2.30.v20200428\jetty-webapp-9.2.30.v20200428.jar;C:\Users\Simona\.m2\repository\org\eclipse\jetty\jetty-xml\9.2.30.v20200428\jetty-xml-9.2.30.v20200428.jar;C:\Users\Simona\.m2\repository\org\eclipse\jetty\jetty-servlet\9.2.30.v20200428\jetty-servlet-9.2.30.v20200428.jar;C:\Users\Simona\.m2\repository\org\eclipse\jetty\jetty-security\9.2.30.v20200428\jetty-security-9.2.30.v20200428.jar;C:\Users\Simona\.m2\repository\org\eclipse\jetty\jetty-jsp\9.2.30.v20200428\jetty-jsp-9.2.30.v20200428.jar;C:\Users\Simona\.m2\repository\org\eclipse\jetty\toolchain\jetty-schemas\3.1.M0\jetty-schemas-3.1.M0.jar;C:\Users\Simona\.m2\repository\javax\servlet\jsp\javax.servlet.jsp-api\2.3.1\javax.servlet.jsp-api-2.3.1.jar;C:\Users\Simona\.m2\repository\org\glassfish\web\javax.servlet.jsp\2.3.2\javax.servlet.jsp-2.3.2.jar;C:\Users\Simona\.m2\repository\org\eclipse\jetty\orbit\javax.servlet.jsp.jstl\1.2.0.v201105211821\javax.servlet.jsp.jstl-1.2.0.v201105211821.jar;C:\Users\Simona\.m2\repository\org\glassfish\web\javax.servlet.jsp.jstl\1.2.2\javax.servlet.jsp.jstl-1.2.2.jar;C:\Users\Simona\.m2\repository\org\eclipse\jetty\orbit\org.eclipse.jdt.core\3.8.2.v20130121\org.eclipse.jdt.core-3.8.2.v20130121.jar;C:\Users\Simona\.m2\repository\org\glassfish\javax.el\3.0.0\javax.el-3.0.0.jar;C:\Users\Simona\.m2\repository\org\eclipse\jetty\jetty-util\9.2.30.v20200428\jetty-util-9.2.30.v20200428.jar;C:\Users\Simona\.m2\repository\commons-cli\commons-cli\1.5.0\commons-cli-1.5.0.jar;C:\Users\Simona\.m2\repository\commons-chain\commons-chain\1.2\commons-chain-1.2.jar;C:\Users\Simona\.m2\repository\commons-digester\commons-digester\2.1\commons-digester-2.1.jar;C:\Users\Simona\.m2\repository\jline\jline\0.9.94\jline-0.9.94.jar;C:\Users\Simona\.m2\repository\commons-jexl\commons-jexl\1.1\commons-jexl-1.1.jar;C:\Users\Simona\.m2\repository\org\projectlombok\lombok\1.18.24\lombok-1.18.24.jar;C:\Users\Simona\.m2\repository\xerces\xercesImpl\2.12.2\xercesImpl-2.12.2.jar;C:\Users\Simona\.m2\repository\xml-apis\xml-apis\1.4.01\xml-apis-1.4.01.jar;"/>
    <property name="sun.cpu.endian" value="little"/>
    <property name="user.home" value="C:\Users\Simona"/>
    <property name="user.language" value="en"/>
    <property name="java.specification.vendor" value="Oracle Corporation"/>
    <property name="java.version.date" value="2022-04-19"/>
    <property name="java.home" value="C:\Program Files\Java\jdk-11.0.15"/>
    <property name="file.separator" value="\"/>
    <property name="basedir" value="D:\GitHub\Vehicles\vehicle\core"/>
    <property name="java.vm.compressedOopsMode" value="32-bit"/>
    <property name="line.separator" value="&#10;"/>
    <property name="java.specification.name" value="Java Platform API Specification"/>
    <property name="java.vm.specification.vendor" value="Oracle Corporation"/>
    <property name="java.awt.graphicsenv" value="sun.awt.Win32GraphicsEnvironment"/>
    <property name="user.script" value=""/>
    <property name="sun.management.compiler" value="HotSpot 64-Bit Tiered Compilers"/>
    <property name="java.runtime.version" value="11.0.15+8-LTS-149"/>
    <property name="user.name" value="Simona"/>
    <property name="path.separator" value=";"/>
    <property name="os.version" value="10.0"/>
    <property name="java.runtime.name" value="Java(TM) SE Runtime Environment"/>
    <property name="file.encoding" value="Cp1252"/>
    <property name="java.vm.name" value="Java HotSpot(TM) 64-Bit Server VM"/>
    <property name="java.vendor.version" value="18.9"/>
    <property name="localRepository" value="C:\Users\Simona\.m2\repository"/>
    <property name="java.vendor.url.bug" value="https://bugreport.java.com/bugreport/"/>
    <property name="java.io.tmpdir" value="C:\Users\Simona\AppData\Local\Temp\"/>
    <property name="java.version" value="11.0.15"/>
    <property name="user.dir" value="D:\GitHub\Vehicles\vehicle\core"/>
    <property name="os.arch" value="amd64"/>
    <property name="java.vm.specification.name" value="Java Virtual Machine Specification"/>
    <property name="java.awt.printerjob" value="sun.awt.windows.WPrinterJob"/>
    <property name="sun.os.patch.level" value=""/>
    <property name="java.library.path" value="C:\Program Files\Java\jdk-11.0.15\bin;C:\Windows\Sun\Java\bin;C:\Windows\system32;C:\Windows;C:\Program Files\Common Files\Oracle\Java\javapath;C:\Program Files\ImageMagick-7.1.0-Q16-HDRI;C:\Program Files (x86)\Common Files\Oracle\Java\javapath;C:\Windows\system32;C:\Windows;C:\Windows\System32\Wbem;C:\Windows\System32\WindowsPowerShell\v1.0\;C:\Windows\System32\OpenSSH\;C:\Program Files\Microsoft SQL Server\130\Tools\Binn\;C:\Program Files\Microsoft SQL Server\Client SDK\ODBC\170\Tools\Binn\;C:\Program Files\Git\cmd;C:\Users\Simona\Desktop\osmosis\bin;C:\Users\Simona\Desktop\osm2pgsql\osm2pgsql-bin;C:\Program Files\PostgreSQL\13\bin;C:\Program Files\nodejs\;C:\Program Files\dotnet\;C:\Program Files (x86)\Microsoft SQL Server\150\DTS\Binn\;C:\Program Files (x86)\Microsoft SQL Server\150\Tools\Binn\;C:\Program Files\Microsoft SQL Server\150\Tools\Binn\;C:\Program Files\Microsoft SQL Server\150\DTS\Binn\;C:\zookeeper\bin;%JAVA_HOME%\bin;C:\Program Files\WebDrivers\;C:\msys64\mingw64\bin;C:\Users\Simona\AppData\Local\Packages\PythonSoftwareFoundation.Python.3.9_qbz5n2kfra8p0\LocalCache\local-packages\Python39\Scripts;C:\Program Files\Maven\apache-maven-3.8.6\bin;C:\Program Files\MySQL\MySQL Shell 8.0\bin\;C:\Users\Simona\AppData\Local\Microsoft\WindowsApps;C:\Users\Simona\AppData\Roaming\npm;C:\Users\Simona\AppData\Local\GitHubDesktop\bin;C:\Users\Simona\.dotnet\tools;C:\Program Files\Azure Data Studio\bin;C:\Program Files\JetBrains\CLion 2021.3.3\bin;;."/>
    <property name="java.vendor" value="Oracle Corporation"/>
    <property name="java.vm.info" value="mixed mode"/>
    <property name="java.vm.version" value="11.0.15+8-LTS-149"/>
    <property name="sun.io.unicode.encoding" value="UnicodeLittle"/>
    <property name="java.class.version" value="55.0"/>
  </properties>
  <testcase name="doGet_shouldReturnEmptyCarItemsListWithoutRequestParameters" classname="com.vehicle.core.servlets.CarListServletTest" time="0.027"/>
  <testcase name="doGet_shouldReturnCarItemsListWithRequestParameters" classname="com.vehicle.core.servlets.CarListServletTest" time="0.019"/>
  <testcase name="doGet_shouldReturnJSON" classname="com.vehicle.core.servlets.CarListServletTest" time="0.023"/>
</testsuite>